<?xml version="1.0" encoding="UTF-8"?>
<testng-results ignored="0" total="0" passed="0" failed="0" skipped="0">
  <reporter-output>
  </reporter-output>
  <suite started-at="2024-04-13T15:42:49 BDT" name="Surefire suite" finished-at="2024-04-13T15:42:49 BDT" duration-ms="38">
    <groups>
    </groups>
    <test started-at="2024-04-13T15:42:49 BDT" name="Surefire test" finished-at="2024-04-13T15:42:49 BDT" duration-ms="38">
      <class name="test.AutomationBasics.TestNGExample">
        <test-method is-config="true" signature="beforeSuiteTest()[pri:0, instance:test.AutomationBasics.TestNGExample@193f604a]" started-at="2024-04-13T15:42:49 BDT" name="beforeSuiteTest" finished-at="2024-04-13T15:42:49 BDT" duration-ms="38" status="PASS">
          <reporter-output>
          </reporter-output>
        </test-method> <!-- beforeSuiteTest -->
      </class> <!-- test.AutomationBasics.TestNGExample -->
    </test> <!-- Surefire test -->
  </suite> <!-- Surefire suite -->
</testng-results>
