<?xml version="1.0" encoding="UTF-8"?>
<testng-results ignored="0" total="1" passed="1" failed="0" skipped="0">
  <reporter-output>
  </reporter-output>
  <suite started-at="2024-04-13T19:42:57Z" name="Default suite" finished-at="2024-04-13T19:43:12Z" duration-ms="15643">
    <groups>
    </groups>
    <test started-at="2024-04-13T19:42:57Z" name="Default test" finished-at="2024-04-13T19:43:12Z" duration-ms="15643">
      <class name="test.AutomationBasics.LocatorsExample">
        <test-method is-config="true" signature="start()[pri:0, instance:test.AutomationBasics.LocatorsExample@4ddbbdf8]" started-at="2024-04-14T01:42:54Z" name="start" finished-at="2024-04-14T01:42:57Z" duration-ms="2786" status="PASS">
          <reporter-output>
          </reporter-output>
        </test-method> <!-- start -->
        <test-method signature="testLocators()[pri:0, instance:test.AutomationBasics.LocatorsExample@4ddbbdf8]" started-at="2024-04-14T01:42:57Z" name="testLocators" finished-at="2024-04-14T01:43:12Z" duration-ms="15606" status="PASS">
          <reporter-output>
          </reporter-output>
        </test-method> <!-- testLocators -->
        <test-method is-config="true" signature="close()[pri:0, instance:test.AutomationBasics.LocatorsExample@4ddbbdf8]" started-at="2024-04-14T01:43:12Z" name="close" finished-at="2024-04-14T01:43:13Z" duration-ms="465" status="PASS">
          <reporter-output>
          </reporter-output>
        </test-method> <!-- close -->
      </class> <!-- test.AutomationBasics.LocatorsExample -->
    </test> <!-- Default test -->
  </suite> <!-- Default suite -->
</testng-results>
