<?xml version="1.0" encoding="UTF-8"?>
<testng-results ignored="0" total="1" passed="1" failed="0" skipped="0">
  <reporter-output>
  </reporter-output>
  <suite started-at="2024-04-09T20:21:12Z" name="Default suite" finished-at="2024-04-09T20:21:20Z" duration-ms="8139">
    <groups>
    </groups>
    <test started-at="2024-04-09T20:21:12Z" name="Default test" finished-at="2024-04-09T20:21:20Z" duration-ms="8139">
      <class name="test.AutomationBasics.FirstAutomation">
        <test-method is-config="true" signature="start()[pri:0, instance:test.AutomationBasics.FirstAutomation@4ddbbdf8]" started-at="2024-04-10T02:21:09Z" name="start" finished-at="2024-04-10T02:21:12Z" duration-ms="2700" status="PASS">
          <reporter-output>
          </reporter-output>
        </test-method> <!-- start -->
        <test-method signature="firstTest()[pri:0, instance:test.AutomationBasics.FirstAutomation@4ddbbdf8]" started-at="2024-04-10T02:21:12Z" name="firstTest" finished-at="2024-04-10T02:21:20Z" duration-ms="8102" status="PASS">
          <reporter-output>
          </reporter-output>
        </test-method> <!-- firstTest -->
        <test-method is-config="true" signature="close()[pri:0, instance:test.AutomationBasics.FirstAutomation@4ddbbdf8]" started-at="2024-04-10T02:21:20Z" name="close" finished-at="2024-04-10T02:21:20Z" duration-ms="118" status="PASS">
          <reporter-output>
          </reporter-output>
        </test-method> <!-- close -->
      </class> <!-- test.AutomationBasics.FirstAutomation -->
    </test> <!-- Default test -->
  </suite> <!-- Default suite -->
</testng-results>
